<?xml version="1.0" encoding="UTF-8"?>
<!-- Generated by org.testng.reporters.JUnitReportReporter -->
<testsuite hostname="Haariss-MacBook-Pro.local" failures="0" tests="1" name="comon.thg.accelerator.week2_exercise.FooTest" time="0.000" errors="0" timestamp="2020-12-16T16:32:17 GMT" skipped="0">
  <testcase classname="comon.thg.accelerator.week2_exercise.FooTest" name="isJavaFun" time="0.000"/>
  <system-out/>
</testsuite> <!-- comon.thg.accelerator.week2_exercise.FooTest -->
